<?xml version="1.0" encoding="utf-8"?><testsuites name="pytest tests"><testsuite name="pytest" errors="0" failures="0" skipped="0" tests="85" time="2.169" timestamp="2026-04-16T00:55:36.541309-04:00" hostname="MacBook-Air-de-Fabian.local"><properties>
[...]
</properties><testcase classname="tests.test_deps" name="test_get_current_user_valid_token" time="0.003" /><testcase classname="tests.test_deps" name="test_get_current_user_all_roles" time="0.001" /><testcase classname="tests.test_deps" name="test_get_current_user_invalid_token_raises_401" time="0.000" /><testcase classname="tests.test_deps" name="test_get_current_user_expired_token_raises_401" time="0.000" /><testcase classname="tests.test_deps" name="test_get_current_user_missing_sub_raises_401" time="0.001" /><testcase classname="tests.test_deps" name="test_get_current_user_missing_role_raises_401" time="0.000" /><testcase classname="tests.test_deps" name="test_require_role_tutor_accessing_student_endpoint_raises_403" time="0.000" /><testcase classname="tests.test_deps" name="test_require_role_student_accessing_student_endpoint_ok" time="0.000" /><testcase classname="tests.test_deps" name="test_require_role_coordinator_accessing_student_coordinator_endpoint_ok" time="0.000" /><testcase classname="tests.test_deps" name="test_require_role_tutor_accessing_tutor_endpoint_ok" time="0.000" /><testcase classname="tests.test_keycloak_client_unit" name="test_validate_token_returns_info_when_active" time="0.000" /><testcase classname="tests.test_keycloak_client_unit" name="test_validate_token_raises_value_error_when_inactive" time="0.000" /><testcase classname="tests.test_keycloak_client_unit" name="test_get_user_info_delegates_to_keycloak_client" time="0.000" /><testcase classname="tests.test_keycloak_client_unit" name="test_exchange_code_for_token_propagates_keycloak_error" time="0.000" /><testcase classname="tests.test_keycloak_client_unit" name="test_login_with_password_returns_token_dict" time="0.000" /><testcase classname="tests.test_keycloak_client_unit" name="test_refresh_access_token_returns_new_access_token" time="0.000" /><testcase classname="tests.test_keycloak_client_unit" name="test_logout_user_propagates_errors" time="0.000" /><testcase classname="tests.test_keycloak_client_unit" name="test_decode_token_without_validation_reads_claims" time="0.000" /><testcase classname="tests.test_keycloak_client_unit" name="test_decode_token_with_validation_uses_formatted_public_key" time="0.000" /><testcase classname="tests.test_keycloak_client_unit" name="test_extract_roles_filters_to_application_roles" time="0.000" /><testcase classname="tests.test_keycloak_client_unit" name="test_get_primary_role_returns_first_or_none" time="0.000" /><testcase classname="tests.test_keycloak_client_unit" name="test_is_keycloak_available_returns_true_when_well_known_works" time="0.000" /><testcase classname="tests.test_keycloak_client_unit" name="test_is_keycloak_available_returns_false_on_exception" time="0.000" /><testcase classname="tests.test_keycloak_client_unit" name="test_get_keycloak_admin_returns_instance" time="0.000" /><testcase classname="tests.test_keycloak_client_unit" name="test_get_admin_access_token_success" time="0.000" /><testcase classname="tests.test_keycloak_client_unit" name="test_get_admin_access_token_timeout" time="0.000" /><testcase classname="tests.test_keycloak_client_unit" name="test_create_keycloak_user_success" time="0.000" /><testcase classname="tests.test_keycloak_client_unit" name="test_create_keycloak_user_raises_if_email_exists" time="0.000" /><testcase classname="tests.test_keycloak_client_unit" name="test_assign_role_to_keycloak_user_success" time="0.000" /><testcase classname="tests.test_keycloak_client_unit" name="test_assign_role_to_keycloak_user_raises_for_unknown_role" time="0.000" /><testcase classname="tests.test_keycloak_client_unit" name="test_delete_keycloak_user_success" time="0.000" /><testcase classname="tests.test_pbt_role_privacy" name="test_p1_tutor_blocked_by_student_coordinator_role" time="0.028" /><testcase classname="tests.test_pbt_role_privacy" name="test_p2_tutor_blocked_by_student_only_role" time="0.023" /><testcase classname="tests.test_pbt_role_privacy" name="test_p3_tutor_blocked_by_coordinator_only_role" time="0.023" /><testcase classname="tests.test_pbt_role_privacy" name="test_p4_student_and_coordinator_allowed" time="0.024" /><testcase classname="tests.test_pbt_role_privacy" name="test_p5_student_blocked_by_tutor_only_role" time="0.038" /><testcase classname="tests.test_procedure_catalog_unit" name="test_normalize_care_level_keeps_valid_values[primary]" time="0.000" /><testcase classname="tests.test_procedure_catalog_unit" name="test_normalize_care_level_keeps_valid_values[secondary]" time="0.000" /><testcase classname="tests.test_procedure_catalog_unit" name="test_normalize_care_level_keeps_valid_values[tertiary]" time="0.000" /><testcase classname="tests.test_procedure_catalog_unit" name="test_normalize_care_level_fallbacks_to_primary[None]" time="0.000" /><testcase classname="tests.test_procedure_catalog_unit" name="test_normalize_care_level_fallbacks_to_primary[]" time="0.000" /><testcase classname="tests.test_procedure_catalog_unit" name="test_normalize_care_level_fallbacks_to_primary[unknown]" time="0.000" /><testcase classname="tests.test_procedure_catalog_unit" name="test_normalize_care_level_fallbacks_to_primary[PRIMARY]" time="0.000" /><testcase classname="tests.test_procedure_catalog_unit" name="test_get_procedure_catalog_contains_common_and_specific_items" time="0.000" /><testcase classname="tests.test_procedure_catalog_unit" name="test_get_procedure_catalog_with_invalid_level_uses_primary_catalog" time="0.000" /><testcase classname="tests.test_recaptcha_unit" name="test_verify_recaptcha_disabled_returns_true" time="0.000" /><testcase classname="tests.test_recaptcha_unit" name="test_verify_recaptcha_enabled_without_token_returns_false" time="0.000" /><testcase classname="tests.test_recaptcha_unit" name="test_verify_recaptcha_enabled_with_success_response" time="0.000" /><testcase classname="tests.test_recaptcha_unit" name="test_verify_recaptcha_fail_open_on_network_error" time="0.000" /><testcase classname="tests.test_require_role" name="test_student_accesses_student_endpoint_ok" time="0.000" /><testcase classname="tests.test_require_role" name="test_tutor_accesses_tutor_endpoint_ok" time="0.000" /><testcase classname="tests.test_require_role" name="test_coordinator_accesses_coordinator_endpoint_ok" time="0.000" /><testcase classname="tests.test_require_role" name="test_student_accesses_tutor_endpoint_raises_403" time="0.000" /><testcase classname="tests.test_require_role" name="test_student_accesses_coordinator_endpoint_raises_403" time="0.000" /><testcase classname="tests.test_require_role" name="test_tutor_accesses_student_endpoint_raises_403" time="0.000" /><testcase classname="tests.test_require_role" name="test_tutor_accesses_coordinator_endpoint_raises_403" time="0.000" /><testcase classname="tests.test_require_role" name="test_coordinator_accesses_student_endpoint_raises_403" time="0.001" /><testcase classname="tests.test_require_role" name="test_coordinator_accesses_tutor_endpoint_raises_403" time="0.000" /><testcase classname="tests.test_require_role" name="test_student_accesses_student_coordinator_endpoint_ok" time="0.000" /><testcase classname="tests.test_require_role" name="test_coordinator_accesses_student_coordinator_endpoint_ok" time="0.000" /><testcase classname="tests.test_require_role" name="test_tutor_accesses_student_coordinator_endpoint_raises_403" time="0.000" /><testcase classname="tests.test_require_role" name="test_tutor_accesses_tutor_coordinator_endpoint_ok" time="0.000" /><testcase classname="tests.test_require_role" name="test_coordinator_accesses_tutor_coordinator_endpoint_ok" time="0.000" /><testcase classname="tests.test_require_role" name="test_student_accesses_tutor_coordinator_endpoint_raises_403" time="0.000" /><testcase classname="tests.test_require_role" name="test_tutor_blocked_from_logbook_endpoint_raises_403" time="0.000" /><testcase classname="tests.test_require_role" name="test_tutor_allowed_in_incidents_endpoint_roles_ok" time="0.000" /><testcase classname="tests.test_require_role" name="test_require_role_returns_user_with_correct_id_and_role" time="0.000" /><testcase classname="tests.test_security" name="test_hash_password_returns_string" time="0.201" /><testcase classname="tests.test_security" name="test_hash_password_produces_bcrypt_hash" time="0.188" /><testcase classname="tests.test_security" name="test_verify_password_correct" time="0.373" /><testcase classname="tests.test_security" name="test_verify_password_wrong" time="0.372" /><testcase classname="tests.test_security" name="test_hash_password_different_hashes_same_input" time="0.749" /><testcase classname="tests.test_security" name="test_create_access_token_returns_string" time="0.000" /><testcase classname="tests.test_security" name="test_create_access_token_payload_contains_sub_and_role" time="0.000" /><testcase classname="tests.test_security" name="test_create_access_token_payload_contains_exp" time="0.000" /><testcase classname="tests.test_security" name="test_create_access_token_custom_expires_delta" time="0.000" /><testcase classname="tests.test_security" name="test_create_access_token_expired_raises" time="0.000" /><testcase classname="tests.test_security" name="test_decode_access_token_valid" time="0.000" /><testcase classname="tests.test_security" name="test_decode_access_token_invalid_raises" time="0.000" /><testcase classname="tests.test_security" name="test_decode_access_token_tampered_raises" time="0.001" /><testcase classname="tests.test_wellbeing_unit" name="test_evaluate_alert_requires_at_least_two_weeks" time="0.000" /><testcase classname="tests.test_wellbeing_unit" name="test_evaluate_alert_returns_red_for_two_consecutive_difficult" time="0.000" /><testcase classname="tests.test_wellbeing_unit" name="test_evaluate_alert_returns_red_for_three_difficult_in_last_five" time="0.000" /><testcase classname="tests.test_wellbeing_unit" name="test_evaluate_alert_returns_yellow_for_two_consecutive_regular_or_difficult" time="0.000" /><testcase classname="tests.test_wellbeing_unit" name="test_evaluate_alert_returns_none_when_trend_is_healthy" time="0.000" /></testsuite></testsuites>