<?xml version="1.0" encoding="utf-8"?><testsuites name="pytest tests"><testsuite name="pytest" errors="0" failures="0" skipped="0" tests="61" time="3.230" timestamp="2026-04-14T14:30:28.600770-04:00" hostname="MacBook-Air-de-Fabian.local"><properties><property name="hypothesis-statistics-tests/test_evaluations_integration.py::test_p1_unassigned_student_evaluation_returns_403" value="dGVzdHMvdGVzdF9ldmFsdWF0aW9uc19pbnRlZ3JhdGlvbi5weTo6dGVzdF9wMV91bmFzc2lnbmVkX3N0dWRlbnRfZXZhbHVhdGlvbl9yZXR1cm5zXzQwMzoKCiAgLSBkdXJpbmcgZ2VuZXJhdGUgcGhhc2UgKDAuMjYgc2Vjb25kcyk6CiAgICAtIFR5cGljYWwgcnVudGltZXM6IH4gMTEtMTUgbXMsIG9mIHdoaWNoIH4gMC0yIG1zIGluIGRhdGEgZ2VuZXJhdGlvbgogICAgLSAyMCBwYXNzaW5nIGV4YW1wbGVzLCAwIGZhaWxpbmcgZXhhbXBsZXMsIDAgaW52YWxpZCBleGFtcGxlcwoKICAtIFN0b3BwZWQgYmVjYXVzZSBzZXR0aW5ncy5tYXhfZXhhbXBsZXM9MjA=" /><property name="hypothesis-statistics-tests/test_pbt_logbook.py::test_p1_get_entry_by_non_owner_student_returns_403" value="dGVzdHMvdGVzdF9wYnRfbG9nYm9vay5weTo6dGVzdF9wMV9nZXRfZW50cnlfYnlfbm9uX293bmVyX3N0dWRlbnRfcmV0dXJuc180MDM6CgogIC0gZHVyaW5nIGdlbmVyYXRlIHBoYXNlICgwLjI4IHNlY29uZHMpOgogICAgLSBUeXBpY2FsIHJ1bnRpbWVzOiB+IDEzLTE2IG1zLCBvZiB3aGljaCA8IDFtcyBpbiBkYXRhIGdlbmVyYXRpb24KICAgIC0gMjAgcGFzc2luZyBleGFtcGxlcywgMCBmYWlsaW5nIGV4YW1wbGVzLCAwIGludmFsaWQgZXhhbXBsZXMKCiAgLSBTdG9wcGVkIGJlY2F1c2Ugc2V0dGluZ3MubWF4X2V4YW1wbGVzPTIw" /><property name="hypothesis-statistics-tests/test_pbt_logbook.py::test_p2_put_entry_by_non_owner_student_returns_403" value="dGVzdHMvdGVzdF9wYnRfbG9nYm9vay5weTo6dGVzdF9wMl9wdXRfZW50cnlfYnlfbm9uX293bmVyX3N0dWRlbnRfcmV0dXJuc180MDM6CgogIC0gZHVyaW5nIGdlbmVyYXRlIHBoYXNlICgwLjQ0IHNlY29uZHMpOgogICAgLSBUeXBpY2FsIHJ1bnRpbWVzOiB+IDE1LTgxIG1zLCBvZiB3aGljaCA8IDFtcyBpbiBkYXRhIGdlbmVyYXRpb24KICAgIC0gMjAgcGFzc2luZyBleGFtcGxlcywgMCBmYWlsaW5nIGV4YW1wbGVzLCAwIGludmFsaWQgZXhhbXBsZXMKCiAgLSBTdG9wcGVkIGJlY2F1c2Ugc2V0dGluZ3MubWF4X2V4YW1wbGVzPTIw" /></properties><testcase classname="tests.test_alerts_integration" name="test_alerts_flow_incident_generates_red_and_can_be_resolved" time="0.049" /><testcase classname="tests.test_alerts_integration" name="test_non_coordinator_cannot_access_alerts_endpoints" time="0.015" /><testcase classname="tests.test_attendance_integration" name="test_student_registers_and_lists_own_attendance" time="0.017" /><testcase classname="tests.test_attendance_integration" name="test_student_cannot_create_duplicate_attendance_for_same_day" time="0.017" /><testcase classname="tests.test_attendance_integration" name="test_student_updates_own_record_and_cannot_update_others" time="0.019" /><testcase classname="tests.test_attendance_integration" name="test_tutor_can_view_assigned_student_attendance_and_stats" time="0.022" /><testcase classname="tests.test_attendance_integration" name="test_tutor_cannot_view_unassigned_student_attendance" time="0.016" /><testcase classname="tests.test_auth_integration" name="test_forgot_password_sends_email_for_existing_active_user" time="0.019" /><testcase classname="tests.test_auth_integration" name="test_forgot_password_is_silent_when_email_not_found" time="0.013" /><testcase classname="tests.test_auth_integration" name="test_reset_password_with_valid_token_updates_hash" time="0.390" /><testcase classname="tests.test_auth_integration" name="test_complete_onboarding_marks_user_and_is_idempotent" time="0.016" /><testcase classname="tests.test_auth_integration" name="test_login_returns_503_when_keycloak_is_unavailable" time="0.117" /><testcase classname="tests.test_auth_integration" name="test_login_rejects_inactive_user_before_password_grant" time="0.080" /><testcase classname="tests.test_auth_integration" name="test_login_returns_oidc_tokens_for_active_user" time="0.032" /><testcase classname="tests.test_auth_oauth_integration" name="test_oauth_callback_refresh_logout_success_paths" time="0.021" /><testcase classname="tests.test_auth_oauth_integration" name="test_oauth_callback_refresh_logout_error_paths" time="0.019" /><testcase classname="tests.test_auth_oauth_integration" name="test_create_user_by_coordinator_success" time="0.219" /><testcase classname="tests.test_auth_oauth_integration" name="test_create_user_returns_400_when_email_exists_locally" time="0.016" /><testcase classname="tests.test_auth_oauth_integration" name="test_create_user_returns_503_when_keycloak_unavailable" time="0.013" /><testcase classname="tests.test_dashboard_advanced_integration" name="test_dashboard_trends_activity_wellbeing_and_metric_series" time="0.052" /><testcase classname="tests.test_dashboard_advanced_integration" name="test_dashboard_tutor_create_list_update_flow" time="0.211" /><testcase classname="tests.test_dashboard_advanced_integration" name="test_dashboard_update_and_delete_student" time="0.022" /><testcase classname="tests.test_dashboard_advanced_integration" name="test_dashboard_delete_tutor_deactivates_assignments" time="0.024" /><testcase classname="tests.test_dashboard_integration" name="test_dashboard_assignment_lifecycle_and_overview" time="0.039" /><testcase classname="tests.test_dashboard_integration" name="test_dashboard_cannot_create_duplicate_cohort_same_year_semester" time="0.017" /><testcase classname="tests.test_dashboard_integration" name="test_dashboard_students_endpoint_filters_by_query" time="0.018" /><testcase classname="tests.test_evaluations_integration" name="test_tutor_lists_assigned_students" time="0.017" /><testcase classname="tests.test_evaluations_integration" name="test_tutor_evaluates_assigned_student" time="0.019" /><testcase classname="tests.test_evaluations_integration" name="test_tutor_cannot_evaluate_unassigned_student" time="0.015" /><testcase classname="tests.test_evaluations_integration" name="test_student_views_own_evaluations" time="0.020" /><testcase classname="tests.test_evaluations_integration" name="test_student_cannot_view_other_student_evaluations" time="0.014" /><testcase classname="tests.test_evaluations_integration" name="test_coordinator_views_any_student_evaluations" time="0.020" /><testcase classname="tests.test_evaluations_integration" name="test_p1_unassigned_student_evaluation_returns_403" time="0.264" /><testcase classname="tests.test_incidents_integration" name="test_student_creates_incident" time="0.014" /><testcase classname="tests.test_incidents_integration" name="test_student_lists_only_own_incidents" time="0.018" /><testcase classname="tests.test_incidents_integration" name="test_coordinator_lists_all_incidents" time="0.019" /><testcase classname="tests.test_incidents_integration" name="test_tutor_cannot_create_incident" time="0.015" /><testcase classname="tests.test_incidents_integration" name="test_tutor_cannot_list_incidents" time="0.014" /><testcase classname="tests.test_incidents_integration" name="test_coordinator_changes_status_to_under_review" time="0.018" /><testcase classname="tests.test_incidents_integration" name="test_coordinator_changes_status_to_resolved" time="0.018" /><testcase classname="tests.test_incidents_integration" name="test_email_failure_does_not_prevent_incident_creation" time="0.016" /><testcase classname="tests.test_incidents_integration" name="test_student_gets_own_incident_by_id" time="0.016" /><testcase classname="tests.test_incidents_integration" name="test_student_cannot_get_other_student_incident" time="0.017" /><testcase classname="tests.test_incidents_integration" name="test_coordinator_adds_response_to_incident" time="0.058" /><testcase classname="tests.test_logbook_integration" name="test_full_flow_create_edit_review_then_edit_blocked" time="0.029" /><testcase classname="tests.test_logbook_integration" name="test_tutor_blocked_from_list_entries" time="0.013" /><testcase classname="tests.test_logbook_integration" name="test_tutor_blocked_from_create_entry" time="0.013" /><testcase classname="tests.test_logbook_integration" name="test_tutor_blocked_from_get_entry" time="0.013" /><testcase classname="tests.test_logbook_integration" name="test_tutor_blocked_from_update_entry" time="0.013" /><testcase classname="tests.test_logbook_integration" name="test_tutor_blocked_from_change_status" time="0.013" /><testcase classname="tests.test_logbook_integration" name="test_student_cannot_view_other_student_entries" time="0.019" /><testcase classname="tests.test_logbook_integration" name="test_student_cannot_list_other_student_entries_via_student_endpoint" time="0.019" /><testcase classname="tests.test_logbook_integration" name="test_duplicate_entry_same_week_cohort_returns_409" time="0.019" /><testcase classname="tests.test_logbook_integration" name="test_different_week_same_cohort_allowed" time="0.020" /><testcase classname="tests.test_logbook_integration" name="test_coordinator_can_view_any_student_entry" time="0.018" /><testcase classname="tests.test_logbook_integration" name="test_coordinator_can_list_any_student_entries" time="0.022" /><testcase classname="tests.test_logbook_router_extra_integration" name="test_logbook_my_context_returns_assignment_based_defaults" time="0.018" /><testcase classname="tests.test_logbook_router_extra_integration" name="test_logbook_delete_entry_rules" time="0.021" /><testcase classname="tests.test_logbook_wellbeing_integration" name="test_student_and_coordinator_wellbeing_endpoints" time="0.038" /><testcase classname="tests.test_pbt_logbook" name="test_p1_get_entry_by_non_owner_student_returns_403" time="0.282" /><testcase classname="tests.test_pbt_logbook" name="test_p2_put_entry_by_non_owner_student_returns_403" time="0.441" /></testsuite></testsuites>