<?xml version="1.0" encoding="utf-8"?><testsuites name="pytest tests"><testsuite name="pytest" errors="0" failures="0" skipped="0" tests="7" time="0.391" timestamp="2026-04-16T00:55:44.373356-04:00" hostname="MacBook-Air-de-Fabian.local"><testcase classname="tests.test_system_e2e" name="test_complete_clinical_flow_end_to_end" time="0.074" /><testcase classname="tests.test_system_e2e" name="test_end_to_end_role_boundaries_after_operational_flow" time="0.033" /><testcase classname="tests.test_system_e2e" name="test_end_to_end_alert_lifecycle_after_tutor_validation" time="0.037" /><testcase classname="tests.test_system_e2e" name="test_end_to_end_authentication_degradation_and_recovery" time="0.020" /><testcase classname="tests.test_system_e2e" name="test_end_to_end_sensitive_idempotency_for_alert_generation" time="0.033" /><testcase classname="tests.test_system_e2e" name="test_end_to_end_concurrent_attendance_registration_conflict_handling" time="0.051" /><testcase classname="tests.test_system_e2e" name="test_end_to_end_flow_recovers_after_partial_incident_notification_error" time="0.032" /></testsuite></testsuites>