<?xml version="1.0" encoding="utf-8"?><testsuites name="pytest tests"><testsuite name="pytest" errors="0" failures="0" skipped="0" tests="153" time="6.110" timestamp="2026-04-14T14:30:35.577654-04:00" hostname="MacBook-Air-de-Fabian.local"><properties>
[...]
</properties><testcase classname="tests.test_acceptance_criteria" name="test_ac01_logbook_review_flow_blocks_edits_after_review" time="0.063" /><testcase classname="tests.test_acceptance_criteria" name="test_ac02_tutor_can_evaluate_only_assigned_students" time="0.076" /><testcase classname="tests.test_acceptance_criteria" name="test_ac03_attendance_prevents_duplicates_same_date" time="0.018" /><testcase classname="tests.test_acceptance_criteria" name="test_ac04_incident_lifecycle_student_to_coordinator_resolution" time="0.020" /><testcase classname="tests.test_acceptance_criteria" name="test_ac05_alerts_show_red_after_incident_and_can_be_resolved" time="0.028" /><testcase classname="tests.test_acceptance_criteria" name="test_ac06_student_cannot_access_other_student_logbook_entry" time="0.019" /><testcase classname="tests.test_alerts_integration" name="test_alerts_flow_incident_generates_red_and_can_be_resolved" time="0.030" /><testcase classname="tests.test_alerts_integration" name="test_non_coordinator_cannot_access_alerts_endpoints" time="0.015" /><testcase classname="tests.test_attendance_integration" name="test_student_registers_and_lists_own_attendance" time="0.017" /><testcase classname="tests.test_attendance_integration" name="test_student_cannot_create_duplicate_attendance_for_same_day" time="0.016" /><testcase classname="tests.test_attendance_integration" name="test_student_updates_own_record_and_cannot_update_others" time="0.018" /><testcase classname="tests.test_attendance_integration" name="test_tutor_can_view_assigned_student_attendance_and_stats" time="0.022" /><testcase classname="tests.test_attendance_integration" name="test_tutor_cannot_view_unassigned_student_attendance" time="0.017" /><testcase classname="tests.test_auth_integration" name="test_forgot_password_sends_email_for_existing_active_user" time="0.019" /><testcase classname="tests.test_auth_integration" name="test_forgot_password_is_silent_when_email_not_found" time="0.013" /><testcase classname="tests.test_auth_integration" name="test_reset_password_with_valid_token_updates_hash" time="0.412" /><testcase classname="tests.test_auth_integration" name="test_complete_onboarding_marks_user_and_is_idempotent" time="0.016" /><testcase classname="tests.test_auth_integration" name="test_login_returns_503_when_keycloak_is_unavailable" time="0.015" /><testcase classname="tests.test_auth_integration" name="test_login_rejects_inactive_user_before_password_grant" time="0.016" /><testcase classname="tests.test_auth_integration" name="test_login_returns_oidc_tokens_for_active_user" time="0.017" /><testcase classname="tests.test_auth_oauth_integration" name="test_oauth_callback_refresh_logout_success_paths" time="0.014" /><testcase classname="tests.test_auth_oauth_integration" name="test_oauth_callback_refresh_logout_error_paths" time="0.014" /><testcase classname="tests.test_auth_oauth_integration" name="test_create_user_by_coordinator_success" time="0.211" /><testcase classname="tests.test_auth_oauth_integration" name="test_create_user_returns_400_when_email_exists_locally" time="0.016" /><testcase classname="tests.test_auth_oauth_integration" name="test_create_user_returns_503_when_keycloak_unavailable" time="0.014" /><testcase classname="tests.test_dashboard_advanced_integration" name="test_dashboard_trends_activity_wellbeing_and_metric_series" time="0.049" /><testcase classname="tests.test_dashboard_advanced_integration" name="test_dashboard_tutor_create_list_update_flow" time="0.211" /><testcase classname="tests.test_dashboard_advanced_integration" name="test_dashboard_update_and_delete_student" time="0.020" /><testcase classname="tests.test_dashboard_advanced_integration" name="test_dashboard_delete_tutor_deactivates_assignments" time="0.020" /><testcase classname="tests.test_dashboard_integration" name="test_dashboard_assignment_lifecycle_and_overview" time="0.026" /><testcase classname="tests.test_dashboard_integration" name="test_dashboard_cannot_create_duplicate_cohort_same_year_semester" time="0.016" /><testcase classname="tests.test_dashboard_integration" name="test_dashboard_students_endpoint_filters_by_query" time="0.017" /><testcase classname="tests.test_deps" name="test_get_current_user_valid_token" time="0.001" /><testcase classname="tests.test_deps" name="test_get_current_user_all_roles" time="0.001" /><testcase classname="tests.test_deps" name="test_get_current_user_invalid_token_raises_401" time="0.001" /><testcase classname="tests.test_deps" name="test_get_current_user_expired_token_raises_401" time="0.000" /><testcase classname="tests.test_deps" name="test_get_current_user_missing_sub_raises_401" time="0.001" /><testcase classname="tests.test_deps" name="test_get_current_user_missing_role_raises_401" time="0.000" /><testcase classname="tests.test_deps" name="test_require_role_tutor_accessing_student_endpoint_raises_403" time="0.000" /><testcase classname="tests.test_deps" name="test_require_role_student_accessing_student_endpoint_ok" time="0.000" /><testcase classname="tests.test_deps" name="test_require_role_coordinator_accessing_student_coordinator_endpoint_ok" time="0.000" /><testcase classname="tests.test_deps" name="test_require_role_tutor_accessing_tutor_endpoint_ok" time="0.000" /><testcase classname="tests.test_evaluations_integration" name="test_tutor_lists_assigned_students" time="0.016" /><testcase classname="tests.test_evaluations_integration" name="test_tutor_evaluates_assigned_student" time="0.018" /><testcase classname="tests.test_evaluations_integration" name="test_tutor_cannot_evaluate_unassigned_student" time="0.015" /><testcase classname="tests.test_evaluations_integration" name="test_student_views_own_evaluations" time="0.020" /><testcase classname="tests.test_evaluations_integration" name="test_student_cannot_view_other_student_evaluations" time="0.015" /><testcase classname="tests.test_evaluations_integration" name="test_coordinator_views_any_student_evaluations" time="0.057" /><testcase classname="tests.test_evaluations_integration" name="test_p1_unassigned_student_evaluation_returns_403" time="0.281" /><testcase classname="tests.test_incidents_integration" name="test_student_creates_incident" time="0.014" /><testcase classname="tests.test_incidents_integration" name="test_student_lists_only_own_incidents" time="0.016" /><testcase classname="tests.test_incidents_integration" name="test_coordinator_lists_all_incidents" time="0.019" /><testcase classname="tests.test_incidents_integration" name="test_tutor_cannot_create_incident" time="0.013" /><testcase classname="tests.test_incidents_integration" name="test_tutor_cannot_list_incidents" time="0.013" /><testcase classname="tests.test_incidents_integration" name="test_coordinator_changes_status_to_under_review" time="0.016" /><testcase classname="tests.test_incidents_integration" name="test_coordinator_changes_status_to_resolved" time="0.017" /><testcase classname="tests.test_incidents_integration" name="test_email_failure_does_not_prevent_incident_creation" time="0.015" /><testcase classname="tests.test_incidents_integration" name="test_student_gets_own_incident_by_id" time="0.015" /><testcase classname="tests.test_incidents_integration" name="test_student_cannot_get_other_student_incident" time="0.015" /><testcase classname="tests.test_incidents_integration" name="test_coordinator_adds_response_to_incident" time="0.016" /><testcase classname="tests.test_keycloak_client_unit" name="test_validate_token_returns_info_when_active" time="0.000" /><testcase classname="tests.test_keycloak_client_unit" name="test_validate_token_raises_value_error_when_inactive" time="0.000" /><testcase classname="tests.test_keycloak_client_unit" name="test_get_user_info_delegates_to_keycloak_client" time="0.000" /><testcase classname="tests.test_keycloak_client_unit" name="test_exchange_code_for_token_propagates_keycloak_error" time="0.000" /><testcase classname="tests.test_keycloak_client_unit" name="test_login_with_password_returns_token_dict" time="0.000" /><testcase classname="tests.test_keycloak_client_unit" name="test_refresh_access_token_returns_new_access_token" time="0.000" /><testcase classname="tests.test_keycloak_client_unit" name="test_logout_user_propagates_errors" time="0.000" /><testcase classname="tests.test_keycloak_client_unit" name="test_decode_token_without_validation_reads_claims" time="0.000" /><testcase classname="tests.test_keycloak_client_unit" name="test_decode_token_with_validation_uses_formatted_public_key" time="0.000" /><testcase classname="tests.test_keycloak_client_unit" name="test_extract_roles_filters_to_application_roles" time="0.000" /><testcase classname="tests.test_keycloak_client_unit" name="test_get_primary_role_returns_first_or_none" time="0.000" /><testcase classname="tests.test_keycloak_client_unit" name="test_is_keycloak_available_returns_true_when_well_known_works" time="0.000" /><testcase classname="tests.test_keycloak_client_unit" name="test_is_keycloak_available_returns_false_on_exception" time="0.000" /><testcase classname="tests.test_keycloak_client_unit" name="test_get_keycloak_admin_returns_instance" time="0.000" /><testcase classname="tests.test_keycloak_client_unit" name="test_get_admin_access_token_success" time="0.000" /><testcase classname="tests.test_keycloak_client_unit" name="test_get_admin_access_token_timeout" time="0.000" /><testcase classname="tests.test_keycloak_client_unit" name="test_create_keycloak_user_success" time="0.000" /><testcase classname="tests.test_keycloak_client_unit" name="test_create_keycloak_user_raises_if_email_exists" time="0.000" /><testcase classname="tests.test_keycloak_client_unit" name="test_assign_role_to_keycloak_user_success" time="0.000" /><testcase classname="tests.test_keycloak_client_unit" name="test_assign_role_to_keycloak_user_raises_for_unknown_role" time="0.000" /><testcase classname="tests.test_keycloak_client_unit" name="test_delete_keycloak_user_success" time="0.000" /><testcase classname="tests.test_logbook_integration" name="test_full_flow_create_edit_review_then_edit_blocked" time="0.025" /><testcase classname="tests.test_logbook_integration" name="test_tutor_blocked_from_list_entries" time="0.012" /><testcase classname="tests.test_logbook_integration" name="test_tutor_blocked_from_create_entry" time="0.013" /><testcase classname="tests.test_logbook_integration" name="test_tutor_blocked_from_get_entry" time="0.020" /><testcase classname="tests.test_logbook_integration" name="test_tutor_blocked_from_update_entry" time="0.025" /><testcase classname="tests.test_logbook_integration" name="test_tutor_blocked_from_change_status" time="0.013" /><testcase classname="tests.test_logbook_integration" name="test_student_cannot_view_other_student_entries" time="0.019" /><testcase classname="tests.test_logbook_integration" name="test_student_cannot_list_other_student_entries_via_student_endpoint" time="0.019" /><testcase classname="tests.test_logbook_integration" name="test_duplicate_entry_same_week_cohort_returns_409" time="0.019" /><testcase classname="tests.test_logbook_integration" name="test_different_week_same_cohort_allowed" time="0.020" /><testcase classname="tests.test_logbook_integration" name="test_coordinator_can_view_any_student_entry" time="0.019" /><testcase classname="tests.test_logbook_integration" name="test_coordinator_can_list_any_student_entries" time="0.022" /><testcase classname="tests.test_logbook_router_extra_integration" name="test_logbook_my_context_returns_assignment_based_defaults" time="0.018" /><testcase classname="tests.test_logbook_router_extra_integration" name="test_logbook_delete_entry_rules" time="0.021" /><testcase classname="tests.test_logbook_wellbeing_integration" name="test_student_and_coordinator_wellbeing_endpoints" time="0.033" /><testcase classname="tests.test_pbt_logbook" name="test_p1_get_entry_by_non_owner_student_returns_403" time="0.285" /><testcase classname="tests.test_pbt_logbook" name="test_p2_put_entry_by_non_owner_student_returns_403" time="0.303" /><testcase classname="tests.test_pbt_role_privacy" name="test_p1_tutor_blocked_by_student_coordinator_role" time="0.024" /><testcase classname="tests.test_pbt_role_privacy" name="test_p2_tutor_blocked_by_student_only_role" time="0.023" /><testcase classname="tests.test_pbt_role_privacy" name="test_p3_tutor_blocked_by_coordinator_only_role" time="0.029" /><testcase classname="tests.test_pbt_role_privacy" name="test_p4_student_and_coordinator_allowed" time="0.028" /><testcase classname="tests.test_pbt_role_privacy" name="test_p5_student_blocked_by_tutor_only_role" time="0.042" /><testcase classname="tests.test_procedure_catalog_unit" name="test_normalize_care_level_keeps_valid_values[primary]" time="0.000" /><testcase classname="tests.test_procedure_catalog_unit" name="test_normalize_care_level_keeps_valid_values[secondary]" time="0.000" /><testcase classname="tests.test_procedure_catalog_unit" name="test_normalize_care_level_keeps_valid_values[tertiary]" time="0.000" /><testcase classname="tests.test_procedure_catalog_unit" name="test_normalize_care_level_fallbacks_to_primary[None]" time="0.000" /><testcase classname="tests.test_procedure_catalog_unit" name="test_normalize_care_level_fallbacks_to_primary[]" time="0.000" /><testcase classname="tests.test_procedure_catalog_unit" name="test_normalize_care_level_fallbacks_to_primary[unknown]" time="0.000" /><testcase classname="tests.test_procedure_catalog_unit" name="test_normalize_care_level_fallbacks_to_primary[PRIMARY]" time="0.000" /><testcase classname="tests.test_procedure_catalog_unit" name="test_get_procedure_catalog_contains_common_and_specific_items" time="0.000" /><testcase classname="tests.test_procedure_catalog_unit" name="test_get_procedure_catalog_with_invalid_level_uses_primary_catalog" time="0.000" /><testcase classname="tests.test_recaptcha_unit" name="test_verify_recaptcha_disabled_returns_true" time="0.000" /><testcase classname="tests.test_recaptcha_unit" name="test_verify_recaptcha_enabled_without_token_returns_false" time="0.000" /><testcase classname="tests.test_recaptcha_unit" name="test_verify_recaptcha_enabled_with_success_response" time="0.000" /><testcase classname="tests.test_recaptcha_unit" name="test_verify_recaptcha_fail_open_on_network_error" time="0.000" /><testcase classname="tests.test_require_role" name="test_student_accesses_student_endpoint_ok" time="0.000" /><testcase classname="tests.test_require_role" name="test_tutor_accesses_tutor_endpoint_ok" time="0.000" /><testcase classname="tests.test_require_role" name="test_coordinator_accesses_coordinator_endpoint_ok" time="0.000" /><testcase classname="tests.test_require_role" name="test_student_accesses_tutor_endpoint_raises_403" time="0.000" /><testcase classname="tests.test_require_role" name="test_student_accesses_coordinator_endpoint_raises_403" time="0.000" /><testcase classname="tests.test_require_role" name="test_tutor_accesses_student_endpoint_raises_403" time="0.000" /><testcase classname="tests.test_require_role" name="test_tutor_accesses_coordinator_endpoint_raises_403" time="0.001" /><testcase classname="tests.test_require_role" name="test_coordinator_accesses_student_endpoint_raises_403" time="0.000" /><testcase classname="tests.test_require_role" name="test_coordinator_accesses_tutor_endpoint_raises_403" time="0.000" /><testcase classname="tests.test_require_role" name="test_student_accesses_student_coordinator_endpoint_ok" time="0.000" /><testcase classname="tests.test_require_role" name="test_coordinator_accesses_student_coordinator_endpoint_ok" time="0.000" /><testcase classname="tests.test_require_role" name="test_tutor_accesses_student_coordinator_endpoint_raises_403" time="0.000" /><testcase classname="tests.test_require_role" name="test_tutor_accesses_tutor_coordinator_endpoint_ok" time="0.000" /><testcase classname="tests.test_require_role" name="test_coordinator_accesses_tutor_coordinator_endpoint_ok" time="0.000" /><testcase classname="tests.test_require_role" name="test_student_accesses_tutor_coordinator_endpoint_raises_403" time="0.000" /><testcase classname="tests.test_require_role" name="test_tutor_blocked_from_logbook_endpoint_raises_403" time="0.001" /><testcase classname="tests.test_require_role" name="test_tutor_blocked_from_incidents_endpoint_raises_403" time="0.001" /><testcase classname="tests.test_require_role" name="test_require_role_returns_user_with_correct_id_and_role" time="0.000" /><testcase classname="tests.test_security" name="test_hash_password_returns_string" time="0.195" /><testcase classname="tests.test_security" name="test_hash_password_produces_bcrypt_hash" time="0.192" /><testcase classname="tests.test_security" name="test_verify_password_correct" time="0.495" /><testcase classname="tests.test_security" name="test_verify_password_wrong" time="0.390" /><testcase classname="tests.test_security" name="test_hash_password_different_hashes_same_input" time="0.904" /><testcase classname="tests.test_security" name="test_create_access_token_returns_string" time="0.001" /><testcase classname="tests.test_security" name="test_create_access_token_payload_contains_sub_and_role" time="0.000" /><testcase classname="tests.test_security" name="test_create_access_token_payload_contains_exp" time="0.000" /><testcase classname="tests.test_security" name="test_create_access_token_custom_expires_delta" time="0.000" /><testcase classname="tests.test_security" name="test_create_access_token_expired_raises" time="0.000" /><testcase classname="tests.test_security" name="test_decode_access_token_valid" time="0.000" /><testcase classname="tests.test_security" name="test_decode_access_token_invalid_raises" time="0.000" /><testcase classname="tests.test_security" name="test_decode_access_token_tampered_raises" time="0.000" /><testcase classname="tests.test_system_e2e" name="test_complete_clinical_flow_end_to_end" time="0.054" /><testcase classname="tests.test_wellbeing_unit" name="test_evaluate_alert_requires_at_least_two_weeks" time="0.000" /><testcase classname="tests.test_wellbeing_unit" name="test_evaluate_alert_returns_red_for_two_consecutive_difficult" time="0.000" /><testcase classname="tests.test_wellbeing_unit" name="test_evaluate_alert_returns_red_for_three_difficult_in_last_five" time="0.000" /><testcase classname="tests.test_wellbeing_unit" name="test_evaluate_alert_returns_yellow_for_two_consecutive_regular_or_difficult" time="0.000" /><testcase classname="tests.test_wellbeing_unit" name="test_evaluate_alert_returns_none_when_trend_is_healthy" time="0.001" /></testsuite></testsuites>