<?xml version="1.0" encoding="utf-8"?><testsuites name="pytest tests"><testsuite name="pytest" errors="0" failures="0" skipped="0" tests="6" time="0.278" timestamp="2026-04-16T00:55:45.774134-04:00" hostname="MacBook-Air-de-Fabian.local"><testcase classname="tests.test_acceptance_criteria" name="test_ac01_logbook_review_flow_blocks_edits_after_review" time="0.051" /><testcase classname="tests.test_acceptance_criteria" name="test_ac02_tutor_can_evaluate_only_assigned_students" time="0.029" /><testcase classname="tests.test_acceptance_criteria" name="test_ac03_attendance_prevents_duplicates_same_date" time="0.019" /><testcase classname="tests.test_acceptance_criteria" name="test_ac04_incident_lifecycle_student_to_coordinator_resolution" time="0.021" /><testcase classname="tests.test_acceptance_criteria" name="test_ac05_alerts_show_red_after_incident_and_can_be_resolved" time="0.028" /><testcase classname="tests.test_acceptance_criteria" name="test_ac06_student_cannot_access_other_student_logbook_entry" time="0.021" /></testsuite></testsuites>